

Version:	3.50
CmdLine:	C:\Users\yahia\Desktop\stock-management-system\stock-management-system\stock-manager\stock-manager.exe --l4j-debug
JNI:		No
WOW64:		Yes
Working dir:	C:\Users\yahia\Desktop\stock-management-system\stock-management-system\stock-manager\.
Requires JDK:	No
Requires 64-Bit: No
Java min ver:	
Java max ver:	
Substitute:	JAVA_HOME = C:\Program Files\Zulu\zulu-21\
Substitute:	PATH = C:\Program Files (x86)\Common Files\Oracle\Java\java8path;C:\Program Files (x86)\Common Files\Oracle\Java\javapath;C:\Program Files\Zulu\zulu-21\bin\;C:\ProgramData\Oracle\Java\javapath;C:\oraclexe\app\oracle\product\11.2.0\server\bin;C:\Windows\system32;C:\Windows;C:\Windows\System32\Wbem;C:\Windows\System32\WindowsPowerShell\v1.0\;C:\Windows\System32\OpenSSH\;C:\Program Files\Git\cmd;C:\Program Files\nodejs\;C:\Program Files\Git\bin;C:\Program Files\CodeBlocks\MinGW\bin;C:\Program Files\PostgreSQL\16\bin;C:\xampp\php;C:\xampp\mysql\bin;C:\Program Files (x86)\Launch4j;C:\Program Files\Git\bin;C:\ProgramData\ComposerSetup\bin;C:\Program Files\Zulu\zulu-21\bin;C:\Users\yahia\AppData\Local\Programs\Python\Python312\Scripts\;C:\Users\yahia\AppData\Local\Programs\Python\Python312\;C:\Users\yahia\AppData\Local\Microsoft\WindowsApps;C:\Users\yahia\AppData\Roaming\npm;C:\Users\yahia\AppData\Local\Programs\Microsoft VS Code\bin;C:\Program Files\Git\bin;C:\Program Files\CodeBlocks\MinGW\bin;C:\Program Files\PostgreSQL\16\bin;C:\xampp\php;C:\xampp\mysql\bin;C:\Users\yahia\AppData\Roaming\Composer\vendor\bin;C:\Program Files\Zulu\zulu-21\\bin
JRE paths:	C:\Program Files\Zulu\zulu-21\;C:\Program Files (x86)\Common Files\Oracle\Java\java8path;C:\Program Files (x86)\Common Files\Oracle\Java\javapath;C:\Program Files\Zulu\zulu-21\bin\;C:\ProgramData\Oracle\Java\javapath;C:\oraclexe\app\oracle\product\11.2.0\server\bin;C:\Windows\system32;C:\Windows;C:\Windows\System32\Wbem;C:\Windows\System32\WindowsPowerShell\v1.0\;C:\Windows\System32\OpenSSH\;C:\Program Files\Git\cmd;C:\Program Files\nodejs\;C:\Program Files\Git\bin;C:\Program Files\CodeBlocks\MinGW\bin;C:\Program Files\PostgreSQL\16\bin;C:\xampp\php;C:\xampp\mysql\bin;C:\Program Files (x86)\Launch4j;C:\Program Files\Git\bin;C:\ProgramData\ComposerSetup\bin;C:\Program Files\Zulu\zulu-21\bin;C:\Users\yahia\AppData\Local\Programs\Python\Python312\Scripts\;C:\Users\yahia\AppData\Local\Programs\Python\Python312\;C:\Users\yahia\AppData\Local\Microsoft\WindowsApps;C:\Users\yahia\AppData\Roaming\npm;C:\Users\yahia\AppData\Local\Programs\Microsoft VS Code\bin;C:\Program Files\Git\bin;C:\Program Files\CodeBlocks\MinGW\bin;C:\Program Files\PostgreSQL\16\bin;C:\xampp\php;C:\xampp\mysql\bin;C:\Users\yahia\AppData\Roaming\Composer\vendor\bin;C:\Program Files\Zulu\zulu-21\\bin
Check launcher:	C:\Program Files\Zulu\zulu-21\bin\javaw.exe (OK)
Version string: 1.021.000_004 / 64-Bit (OK)
Launcher:	C:\Program Files\Zulu\zulu-21\bin\javaw.exe
Launcher args:	-jar "C:\Users\yahia\Desktop\stock-management-system\stock-management-system\stock-manager\stock-manager.exe"
Args length:	109/32768 chars
Exit code:	0


Version:	3.50
CmdLine:	C:\Users\yahia\Desktop\stock-management-system\stock-management-system\stock-manager\stock-manager.exe --l4j-debug
JNI:		No
WOW64:		Yes
Working dir:	C:\Users\yahia\Desktop\stock-management-system\stock-management-system\stock-manager\.
Requires JDK:	No
Requires 64-Bit: No
Java min ver:	
Java max ver:	
Substitute:	JAVA_HOME = C:\Program Files\Zulu\zulu-21\
Substitute:	PATH = C:\Program Files (x86)\Common Files\Oracle\Java\java8path;C:\Program Files (x86)\Common Files\Oracle\Java\javapath;C:\Program Files\Zulu\zulu-21\bin\;C:\ProgramData\Oracle\Java\javapath;C:\oraclexe\app\oracle\product\11.2.0\server\bin;C:\Windows\system32;C:\Windows;C:\Windows\System32\Wbem;C:\Windows\System32\WindowsPowerShell\v1.0\;C:\Windows\System32\OpenSSH\;C:\Program Files\Git\cmd;C:\Program Files\nodejs\;C:\Program Files\Git\bin;C:\Program Files\CodeBlocks\MinGW\bin;C:\Program Files\PostgreSQL\16\bin;C:\xampp\php;C:\xampp\mysql\bin;C:\Program Files (x86)\Launch4j;C:\Program Files\Git\bin;C:\ProgramData\ComposerSetup\bin;C:\Program Files\Zulu\zulu-21\bin;C:\Users\yahia\AppData\Local\Programs\Python\Python312\Scripts\;C:\Users\yahia\AppData\Local\Programs\Python\Python312\;C:\Users\yahia\AppData\Local\Microsoft\WindowsApps;C:\Users\yahia\AppData\Roaming\npm;C:\Users\yahia\AppData\Local\Programs\Microsoft VS Code\bin;C:\Program Files\Git\bin;C:\Program Files\CodeBlocks\MinGW\bin;C:\Program Files\PostgreSQL\16\bin;C:\xampp\php;C:\xampp\mysql\bin;C:\Users\yahia\AppData\Roaming\Composer\vendor\bin;C:\Program Files\Zulu\zulu-21\\bin
JRE paths:	C:\Program Files\Zulu\zulu-21\;C:\Program Files (x86)\Common Files\Oracle\Java\java8path;C:\Program Files (x86)\Common Files\Oracle\Java\javapath;C:\Program Files\Zulu\zulu-21\bin\;C:\ProgramData\Oracle\Java\javapath;C:\oraclexe\app\oracle\product\11.2.0\server\bin;C:\Windows\system32;C:\Windows;C:\Windows\System32\Wbem;C:\Windows\System32\WindowsPowerShell\v1.0\;C:\Windows\System32\OpenSSH\;C:\Program Files\Git\cmd;C:\Program Files\nodejs\;C:\Program Files\Git\bin;C:\Program Files\CodeBlocks\MinGW\bin;C:\Program Files\PostgreSQL\16\bin;C:\xampp\php;C:\xampp\mysql\bin;C:\Program Files (x86)\Launch4j;C:\Program Files\Git\bin;C:\ProgramData\ComposerSetup\bin;C:\Program Files\Zulu\zulu-21\bin;C:\Users\yahia\AppData\Local\Programs\Python\Python312\Scripts\;C:\Users\yahia\AppData\Local\Programs\Python\Python312\;C:\Users\yahia\AppData\Local\Microsoft\WindowsApps;C:\Users\yahia\AppData\Roaming\npm;C:\Users\yahia\AppData\Local\Programs\Microsoft VS Code\bin;C:\Program Files\Git\bin;C:\Program Files\CodeBlocks\MinGW\bin;C:\Program Files\PostgreSQL\16\bin;C:\xampp\php;C:\xampp\mysql\bin;C:\Users\yahia\AppData\Roaming\Composer\vendor\bin;C:\Program Files\Zulu\zulu-21\\bin
Check launcher:	C:\Program Files\Zulu\zulu-21\bin\javaw.exe (OK)
Version string: 1.021.000_004 / 64-Bit (OK)
Launcher:	C:\Program Files\Zulu\zulu-21\bin\javaw.exe
Launcher args:	-jar "C:\Users\yahia\Desktop\stock-management-system\stock-management-system\stock-manager\stock-manager.exe"
Args length:	109/32768 chars
Exit code:	0


Version:	3.50
CmdLine:	C:\Users\yahia\Desktop\stock-management-system\stock-management-system\stock-manager\stock-manager-dracula-theme.exe --l4j-debug
JNI:		No
WOW64:		Yes
Working dir:	C:\Users\yahia\Desktop\stock-management-system\stock-management-system\stock-manager\.
Requires JDK:	No
Requires 64-Bit: No
Java min ver:	
Java max ver:	
Substitute:	JAVA_HOME = C:\Program Files\Zulu\zulu-21\
Substitute:	PATH = C:\Program Files (x86)\Common Files\Oracle\Java\java8path;C:\Program Files (x86)\Common Files\Oracle\Java\javapath;C:\Program Files\Zulu\zulu-21\bin\;C:\ProgramData\Oracle\Java\javapath;C:\oraclexe\app\oracle\product\11.2.0\server\bin;C:\Windows\system32;C:\Windows;C:\Windows\System32\Wbem;C:\Windows\System32\WindowsPowerShell\v1.0\;C:\Windows\System32\OpenSSH\;C:\Program Files\Git\cmd;C:\Program Files\nodejs\;C:\Program Files\Git\bin;C:\Program Files\CodeBlocks\MinGW\bin;C:\Program Files\PostgreSQL\16\bin;C:\xampp\php;C:\xampp\mysql\bin;C:\Program Files (x86)\Launch4j;C:\Program Files\Git\bin;C:\ProgramData\ComposerSetup\bin;C:\Program Files\Zulu\zulu-21\bin;C:\Users\yahia\AppData\Local\Programs\Python\Python312\Scripts\;C:\Users\yahia\AppData\Local\Programs\Python\Python312\;C:\Users\yahia\AppData\Local\Microsoft\WindowsApps;C:\Users\yahia\AppData\Roaming\npm;C:\Users\yahia\AppData\Local\Programs\Microsoft VS Code\bin;C:\Program Files\Git\bin;C:\Program Files\CodeBlocks\MinGW\bin;C:\Program Files\PostgreSQL\16\bin;C:\xampp\php;C:\xampp\mysql\bin;C:\Users\yahia\AppData\Roaming\Composer\vendor\bin;C:\Program Files\Zulu\zulu-21\\bin
JRE paths:	C:\Program Files\Zulu\zulu-21\;C:\Program Files (x86)\Common Files\Oracle\Java\java8path;C:\Program Files (x86)\Common Files\Oracle\Java\javapath;C:\Program Files\Zulu\zulu-21\bin\;C:\ProgramData\Oracle\Java\javapath;C:\oraclexe\app\oracle\product\11.2.0\server\bin;C:\Windows\system32;C:\Windows;C:\Windows\System32\Wbem;C:\Windows\System32\WindowsPowerShell\v1.0\;C:\Windows\System32\OpenSSH\;C:\Program Files\Git\cmd;C:\Program Files\nodejs\;C:\Program Files\Git\bin;C:\Program Files\CodeBlocks\MinGW\bin;C:\Program Files\PostgreSQL\16\bin;C:\xampp\php;C:\xampp\mysql\bin;C:\Program Files (x86)\Launch4j;C:\Program Files\Git\bin;C:\ProgramData\ComposerSetup\bin;C:\Program Files\Zulu\zulu-21\bin;C:\Users\yahia\AppData\Local\Programs\Python\Python312\Scripts\;C:\Users\yahia\AppData\Local\Programs\Python\Python312\;C:\Users\yahia\AppData\Local\Microsoft\WindowsApps;C:\Users\yahia\AppData\Roaming\npm;C:\Users\yahia\AppData\Local\Programs\Microsoft VS Code\bin;C:\Program Files\Git\bin;C:\Program Files\CodeBlocks\MinGW\bin;C:\Program Files\PostgreSQL\16\bin;C:\xampp\php;C:\xampp\mysql\bin;C:\Users\yahia\AppData\Roaming\Composer\vendor\bin;C:\Program Files\Zulu\zulu-21\\bin
Check launcher:	C:\Program Files\Zulu\zulu-21\bin\javaw.exe (OK)
Version string: 1.021.000_004 / 64-Bit (OK)
Launcher:	C:\Program Files\Zulu\zulu-21\bin\javaw.exe
Launcher args:	-jar "C:\Users\yahia\Desktop\stock-management-system\stock-management-system\stock-manager\stock-manager-dracula-theme.exe"
Args length:	123/32768 chars
Exit code:	0


Version:	3.50
CmdLine:	C:\Users\yahia\Desktop\stock-management-system\stock-management-system\stock-manager\stock-manager-cyan-light-theme.exe --l4j-debug
JNI:		No
WOW64:		Yes
Working dir:	C:\Users\yahia\Desktop\stock-management-system\stock-management-system\stock-manager\.
Requires JDK:	No
Requires 64-Bit: No
Java min ver:	
Java max ver:	
Substitute:	JAVA_HOME = C:\Program Files\Zulu\zulu-21\
Substitute:	PATH = C:\Program Files (x86)\Common Files\Oracle\Java\java8path;C:\Program Files (x86)\Common Files\Oracle\Java\javapath;C:\Program Files\Zulu\zulu-21\bin\;C:\ProgramData\Oracle\Java\javapath;C:\oraclexe\app\oracle\product\11.2.0\server\bin;C:\Windows\system32;C:\Windows;C:\Windows\System32\Wbem;C:\Windows\System32\WindowsPowerShell\v1.0\;C:\Windows\System32\OpenSSH\;C:\Program Files\Git\cmd;C:\Program Files\nodejs\;C:\Program Files\Git\bin;C:\Program Files\CodeBlocks\MinGW\bin;C:\Program Files\PostgreSQL\16\bin;C:\xampp\php;C:\xampp\mysql\bin;C:\Program Files (x86)\Launch4j;C:\Program Files\Git\bin;C:\ProgramData\ComposerSetup\bin;C:\Program Files\Zulu\zulu-21\bin;C:\Users\yahia\AppData\Local\Programs\Python\Python312\Scripts\;C:\Users\yahia\AppData\Local\Programs\Python\Python312\;C:\Users\yahia\AppData\Local\Microsoft\WindowsApps;C:\Users\yahia\AppData\Roaming\npm;C:\Users\yahia\AppData\Local\Programs\Microsoft VS Code\bin;C:\Program Files\Git\bin;C:\Program Files\CodeBlocks\MinGW\bin;C:\Program Files\PostgreSQL\16\bin;C:\xampp\php;C:\xampp\mysql\bin;C:\Users\yahia\AppData\Roaming\Composer\vendor\bin;C:\Program Files\Zulu\zulu-21\\bin
JRE paths:	C:\Program Files\Zulu\zulu-21\;C:\Program Files (x86)\Common Files\Oracle\Java\java8path;C:\Program Files (x86)\Common Files\Oracle\Java\javapath;C:\Program Files\Zulu\zulu-21\bin\;C:\ProgramData\Oracle\Java\javapath;C:\oraclexe\app\oracle\product\11.2.0\server\bin;C:\Windows\system32;C:\Windows;C:\Windows\System32\Wbem;C:\Windows\System32\WindowsPowerShell\v1.0\;C:\Windows\System32\OpenSSH\;C:\Program Files\Git\cmd;C:\Program Files\nodejs\;C:\Program Files\Git\bin;C:\Program Files\CodeBlocks\MinGW\bin;C:\Program Files\PostgreSQL\16\bin;C:\xampp\php;C:\xampp\mysql\bin;C:\Program Files (x86)\Launch4j;C:\Program Files\Git\bin;C:\ProgramData\ComposerSetup\bin;C:\Program Files\Zulu\zulu-21\bin;C:\Users\yahia\AppData\Local\Programs\Python\Python312\Scripts\;C:\Users\yahia\AppData\Local\Programs\Python\Python312\;C:\Users\yahia\AppData\Local\Microsoft\WindowsApps;C:\Users\yahia\AppData\Roaming\npm;C:\Users\yahia\AppData\Local\Programs\Microsoft VS Code\bin;C:\Program Files\Git\bin;C:\Program Files\CodeBlocks\MinGW\bin;C:\Program Files\PostgreSQL\16\bin;C:\xampp\php;C:\xampp\mysql\bin;C:\Users\yahia\AppData\Roaming\Composer\vendor\bin;C:\Program Files\Zulu\zulu-21\\bin
Check launcher:	C:\Program Files\Zulu\zulu-21\bin\javaw.exe (OK)
Version string: 1.021.000_004 / 64-Bit (OK)
Launcher:	C:\Program Files\Zulu\zulu-21\bin\javaw.exe
Launcher args:	-jar "C:\Users\yahia\Desktop\stock-management-system\stock-management-system\stock-manager\stock-manager-cyan-light-theme.exe"
Args length:	126/32768 chars
Exit code:	0


Version:	3.50
CmdLine:	C:\Users\yahia\Desktop\stock-management-system\stock-management-system\stock-manager\stock-manager-cyan-light-theme.exe --l4j-debug
JNI:		No
WOW64:		Yes
Working dir:	C:\Users\yahia\Desktop\stock-management-system\stock-management-system\stock-manager\.
Requires JDK:	No
Requires 64-Bit: No
Java min ver:	
Java max ver:	
Substitute:	JAVA_HOME = C:\Program Files\Zulu\zulu-21\
Substitute:	PATH = C:\Program Files (x86)\Common Files\Oracle\Java\java8path;C:\Program Files (x86)\Common Files\Oracle\Java\javapath;C:\Program Files\Zulu\zulu-21\bin\;C:\ProgramData\Oracle\Java\javapath;C:\oraclexe\app\oracle\product\11.2.0\server\bin;C:\Windows\system32;C:\Windows;C:\Windows\System32\Wbem;C:\Windows\System32\WindowsPowerShell\v1.0\;C:\Windows\System32\OpenSSH\;C:\Program Files\Git\cmd;C:\Program Files\nodejs\;C:\Program Files\Git\bin;C:\Program Files\CodeBlocks\MinGW\bin;C:\Program Files\PostgreSQL\16\bin;C:\xampp\php;C:\xampp\mysql\bin;C:\Program Files (x86)\Launch4j;C:\Program Files\Git\bin;C:\ProgramData\ComposerSetup\bin;C:\Program Files\Zulu\zulu-21\bin;C:\Users\yahia\AppData\Local\Programs\Python\Python312\Scripts\;C:\Users\yahia\AppData\Local\Programs\Python\Python312\;C:\Users\yahia\AppData\Local\Microsoft\WindowsApps;C:\Users\yahia\AppData\Roaming\npm;C:\Users\yahia\AppData\Local\Programs\Microsoft VS Code\bin;C:\Program Files\Git\bin;C:\Program Files\CodeBlocks\MinGW\bin;C:\Program Files\PostgreSQL\16\bin;C:\xampp\php;C:\xampp\mysql\bin;C:\Users\yahia\AppData\Roaming\Composer\vendor\bin;C:\Program Files\Zulu\zulu-21\\bin
JRE paths:	C:\Program Files\Zulu\zulu-21\;C:\Program Files (x86)\Common Files\Oracle\Java\java8path;C:\Program Files (x86)\Common Files\Oracle\Java\javapath;C:\Program Files\Zulu\zulu-21\bin\;C:\ProgramData\Oracle\Java\javapath;C:\oraclexe\app\oracle\product\11.2.0\server\bin;C:\Windows\system32;C:\Windows;C:\Windows\System32\Wbem;C:\Windows\System32\WindowsPowerShell\v1.0\;C:\Windows\System32\OpenSSH\;C:\Program Files\Git\cmd;C:\Program Files\nodejs\;C:\Program Files\Git\bin;C:\Program Files\CodeBlocks\MinGW\bin;C:\Program Files\PostgreSQL\16\bin;C:\xampp\php;C:\xampp\mysql\bin;C:\Program Files (x86)\Launch4j;C:\Program Files\Git\bin;C:\ProgramData\ComposerSetup\bin;C:\Program Files\Zulu\zulu-21\bin;C:\Users\yahia\AppData\Local\Programs\Python\Python312\Scripts\;C:\Users\yahia\AppData\Local\Programs\Python\Python312\;C:\Users\yahia\AppData\Local\Microsoft\WindowsApps;C:\Users\yahia\AppData\Roaming\npm;C:\Users\yahia\AppData\Local\Programs\Microsoft VS Code\bin;C:\Program Files\Git\bin;C:\Program Files\CodeBlocks\MinGW\bin;C:\Program Files\PostgreSQL\16\bin;C:\xampp\php;C:\xampp\mysql\bin;C:\Users\yahia\AppData\Roaming\Composer\vendor\bin;C:\Program Files\Zulu\zulu-21\\bin
Check launcher:	C:\Program Files\Zulu\zulu-21\bin\javaw.exe (OK)
Version string: 1.021.000_004 / 64-Bit (OK)
Launcher:	C:\Program Files\Zulu\zulu-21\bin\javaw.exe
Launcher args:	-jar "C:\Users\yahia\Desktop\stock-management-system\stock-management-system\stock-manager\stock-manager-cyan-light-theme.exe"
Args length:	126/32768 chars
Exit code:	0


Version:	3.50
CmdLine:	C:\Users\yahia\Desktop\stock-management-system\stock-management-system\stock-manager\stock-manager-cyan-light-theme.exe --l4j-debug
JNI:		No
WOW64:		Yes
Working dir:	C:\Users\yahia\Desktop\stock-management-system\stock-management-system\stock-manager\.
Requires JDK:	No
Requires 64-Bit: No
Java min ver:	
Java max ver:	
Substitute:	JAVA_HOME = C:\Program Files\Zulu\zulu-21\
Substitute:	PATH = C:\Program Files (x86)\Common Files\Oracle\Java\java8path;C:\Program Files (x86)\Common Files\Oracle\Java\javapath;C:\Program Files\Zulu\zulu-21\bin\;C:\ProgramData\Oracle\Java\javapath;C:\oraclexe\app\oracle\product\11.2.0\server\bin;C:\Windows\system32;C:\Windows;C:\Windows\System32\Wbem;C:\Windows\System32\WindowsPowerShell\v1.0\;C:\Windows\System32\OpenSSH\;C:\Program Files\Git\cmd;C:\Program Files\nodejs\;C:\Program Files\Git\bin;C:\Program Files\CodeBlocks\MinGW\bin;C:\Program Files\PostgreSQL\16\bin;C:\xampp\php;C:\xampp\mysql\bin;C:\Program Files (x86)\Launch4j;C:\Program Files\Git\bin;C:\ProgramData\ComposerSetup\bin;C:\Program Files\Zulu\zulu-21\bin;C:\Users\yahia\AppData\Local\Programs\Python\Python312\Scripts\;C:\Users\yahia\AppData\Local\Programs\Python\Python312\;C:\Users\yahia\AppData\Local\Microsoft\WindowsApps;C:\Users\yahia\AppData\Roaming\npm;C:\Users\yahia\AppData\Local\Programs\Microsoft VS Code\bin;C:\Program Files\Git\bin;C:\Program Files\CodeBlocks\MinGW\bin;C:\Program Files\PostgreSQL\16\bin;C:\xampp\php;C:\xampp\mysql\bin;C:\Users\yahia\AppData\Roaming\Composer\vendor\bin;C:\Program Files\Zulu\zulu-21\\bin
JRE paths:	C:\Program Files\Zulu\zulu-21\;C:\Program Files (x86)\Common Files\Oracle\Java\java8path;C:\Program Files (x86)\Common Files\Oracle\Java\javapath;C:\Program Files\Zulu\zulu-21\bin\;C:\ProgramData\Oracle\Java\javapath;C:\oraclexe\app\oracle\product\11.2.0\server\bin;C:\Windows\system32;C:\Windows;C:\Windows\System32\Wbem;C:\Windows\System32\WindowsPowerShell\v1.0\;C:\Windows\System32\OpenSSH\;C:\Program Files\Git\cmd;C:\Program Files\nodejs\;C:\Program Files\Git\bin;C:\Program Files\CodeBlocks\MinGW\bin;C:\Program Files\PostgreSQL\16\bin;C:\xampp\php;C:\xampp\mysql\bin;C:\Program Files (x86)\Launch4j;C:\Program Files\Git\bin;C:\ProgramData\ComposerSetup\bin;C:\Program Files\Zulu\zulu-21\bin;C:\Users\yahia\AppData\Local\Programs\Python\Python312\Scripts\;C:\Users\yahia\AppData\Local\Programs\Python\Python312\;C:\Users\yahia\AppData\Local\Microsoft\WindowsApps;C:\Users\yahia\AppData\Roaming\npm;C:\Users\yahia\AppData\Local\Programs\Microsoft VS Code\bin;C:\Program Files\Git\bin;C:\Program Files\CodeBlocks\MinGW\bin;C:\Program Files\PostgreSQL\16\bin;C:\xampp\php;C:\xampp\mysql\bin;C:\Users\yahia\AppData\Roaming\Composer\vendor\bin;C:\Program Files\Zulu\zulu-21\\bin
Check launcher:	C:\Program Files\Zulu\zulu-21\bin\javaw.exe (OK)
Version string: 1.021.000_004 / 64-Bit (OK)
Launcher:	C:\Program Files\Zulu\zulu-21\bin\javaw.exe
Launcher args:	-jar "C:\Users\yahia\Desktop\stock-management-system\stock-management-system\stock-manager\stock-manager-cyan-light-theme.exe"
Args length:	126/32768 chars
Exit code:	0


Version:	3.50
CmdLine:	C:\Users\yahia\Desktop\stock-management-system\stock-management-system\stock-manager\stock-manager-dark-theme.exe --l4j-debug
JNI:		No
WOW64:		Yes
Working dir:	C:\Users\yahia\Desktop\stock-management-system\stock-management-system\stock-manager\.
Requires JDK:	No
Requires 64-Bit: No
Java min ver:	
Java max ver:	
Substitute:	JAVA_HOME = C:\Program Files\Zulu\zulu-21\
Substitute:	PATH = C:\Program Files (x86)\Common Files\Oracle\Java\java8path;C:\Program Files (x86)\Common Files\Oracle\Java\javapath;C:\Program Files\Zulu\zulu-21\bin\;C:\ProgramData\Oracle\Java\javapath;C:\oraclexe\app\oracle\product\11.2.0\server\bin;C:\Windows\system32;C:\Windows;C:\Windows\System32\Wbem;C:\Windows\System32\WindowsPowerShell\v1.0\;C:\Windows\System32\OpenSSH\;C:\Program Files\Git\cmd;C:\Program Files\nodejs\;C:\Program Files\Git\bin;C:\Program Files\CodeBlocks\MinGW\bin;C:\Program Files\PostgreSQL\16\bin;C:\xampp\php;C:\xampp\mysql\bin;C:\Program Files (x86)\Launch4j;C:\Program Files\Git\bin;C:\ProgramData\ComposerSetup\bin;C:\Program Files\Zulu\zulu-21\bin;C:\Users\yahia\AppData\Local\Programs\Python\Python312\Scripts\;C:\Users\yahia\AppData\Local\Programs\Python\Python312\;C:\Users\yahia\AppData\Local\Microsoft\WindowsApps;C:\Users\yahia\AppData\Roaming\npm;C:\Users\yahia\AppData\Local\Programs\Microsoft VS Code\bin;C:\Program Files\Git\bin;C:\Program Files\CodeBlocks\MinGW\bin;C:\Program Files\PostgreSQL\16\bin;C:\xampp\php;C:\xampp\mysql\bin;C:\Users\yahia\AppData\Roaming\Composer\vendor\bin;C:\Program Files\Zulu\zulu-21\\bin
JRE paths:	C:\Program Files\Zulu\zulu-21\;C:\Program Files (x86)\Common Files\Oracle\Java\java8path;C:\Program Files (x86)\Common Files\Oracle\Java\javapath;C:\Program Files\Zulu\zulu-21\bin\;C:\ProgramData\Oracle\Java\javapath;C:\oraclexe\app\oracle\product\11.2.0\server\bin;C:\Windows\system32;C:\Windows;C:\Windows\System32\Wbem;C:\Windows\System32\WindowsPowerShell\v1.0\;C:\Windows\System32\OpenSSH\;C:\Program Files\Git\cmd;C:\Program Files\nodejs\;C:\Program Files\Git\bin;C:\Program Files\CodeBlocks\MinGW\bin;C:\Program Files\PostgreSQL\16\bin;C:\xampp\php;C:\xampp\mysql\bin;C:\Program Files (x86)\Launch4j;C:\Program Files\Git\bin;C:\ProgramData\ComposerSetup\bin;C:\Program Files\Zulu\zulu-21\bin;C:\Users\yahia\AppData\Local\Programs\Python\Python312\Scripts\;C:\Users\yahia\AppData\Local\Programs\Python\Python312\;C:\Users\yahia\AppData\Local\Microsoft\WindowsApps;C:\Users\yahia\AppData\Roaming\npm;C:\Users\yahia\AppData\Local\Programs\Microsoft VS Code\bin;C:\Program Files\Git\bin;C:\Program Files\CodeBlocks\MinGW\bin;C:\Program Files\PostgreSQL\16\bin;C:\xampp\php;C:\xampp\mysql\bin;C:\Users\yahia\AppData\Roaming\Composer\vendor\bin;C:\Program Files\Zulu\zulu-21\\bin
Check launcher:	C:\Program Files\Zulu\zulu-21\bin\javaw.exe (OK)
Version string: 1.021.000_004 / 64-Bit (OK)
Launcher:	C:\Program Files\Zulu\zulu-21\bin\javaw.exe
Launcher args:	-jar "C:\Users\yahia\Desktop\stock-management-system\stock-management-system\stock-manager\stock-manager-dark-theme.exe"
Args length:	120/32768 chars
Exit code:	0


Version:	3.50
CmdLine:	C:\Users\yahia\Desktop\stock-management-system\stock-management-system\stock-manager\stock-manager-light-theme.exe --l4j-debug
JNI:		No
WOW64:		Yes
Working dir:	C:\Users\yahia\Desktop\stock-management-system\stock-management-system\stock-manager\.
Requires JDK:	No
Requires 64-Bit: No
Java min ver:	
Java max ver:	
Substitute:	JAVA_HOME = C:\Program Files\Zulu\zulu-21\
Substitute:	PATH = C:\Program Files (x86)\Common Files\Oracle\Java\java8path;C:\Program Files (x86)\Common Files\Oracle\Java\javapath;C:\Program Files\Zulu\zulu-21\bin\;C:\ProgramData\Oracle\Java\javapath;C:\oraclexe\app\oracle\product\11.2.0\server\bin;C:\Windows\system32;C:\Windows;C:\Windows\System32\Wbem;C:\Windows\System32\WindowsPowerShell\v1.0\;C:\Windows\System32\OpenSSH\;C:\Program Files\Git\cmd;C:\Program Files\nodejs\;C:\Program Files\Git\bin;C:\Program Files\CodeBlocks\MinGW\bin;C:\Program Files\PostgreSQL\16\bin;C:\xampp\php;C:\xampp\mysql\bin;C:\Program Files (x86)\Launch4j;C:\Program Files\Git\bin;C:\ProgramData\ComposerSetup\bin;C:\Program Files\Zulu\zulu-21\bin;C:\Users\yahia\AppData\Local\Programs\Python\Python312\Scripts\;C:\Users\yahia\AppData\Local\Programs\Python\Python312\;C:\Users\yahia\AppData\Local\Microsoft\WindowsApps;C:\Users\yahia\AppData\Roaming\npm;C:\Users\yahia\AppData\Local\Programs\Microsoft VS Code\bin;C:\Program Files\Git\bin;C:\Program Files\CodeBlocks\MinGW\bin;C:\Program Files\PostgreSQL\16\bin;C:\xampp\php;C:\xampp\mysql\bin;C:\Users\yahia\AppData\Roaming\Composer\vendor\bin;C:\Program Files\Zulu\zulu-21\\bin
JRE paths:	C:\Program Files\Zulu\zulu-21\;C:\Program Files (x86)\Common Files\Oracle\Java\java8path;C:\Program Files (x86)\Common Files\Oracle\Java\javapath;C:\Program Files\Zulu\zulu-21\bin\;C:\ProgramData\Oracle\Java\javapath;C:\oraclexe\app\oracle\product\11.2.0\server\bin;C:\Windows\system32;C:\Windows;C:\Windows\System32\Wbem;C:\Windows\System32\WindowsPowerShell\v1.0\;C:\Windows\System32\OpenSSH\;C:\Program Files\Git\cmd;C:\Program Files\nodejs\;C:\Program Files\Git\bin;C:\Program Files\CodeBlocks\MinGW\bin;C:\Program Files\PostgreSQL\16\bin;C:\xampp\php;C:\xampp\mysql\bin;C:\Program Files (x86)\Launch4j;C:\Program Files\Git\bin;C:\ProgramData\ComposerSetup\bin;C:\Program Files\Zulu\zulu-21\bin;C:\Users\yahia\AppData\Local\Programs\Python\Python312\Scripts\;C:\Users\yahia\AppData\Local\Programs\Python\Python312\;C:\Users\yahia\AppData\Local\Microsoft\WindowsApps;C:\Users\yahia\AppData\Roaming\npm;C:\Users\yahia\AppData\Local\Programs\Microsoft VS Code\bin;C:\Program Files\Git\bin;C:\Program Files\CodeBlocks\MinGW\bin;C:\Program Files\PostgreSQL\16\bin;C:\xampp\php;C:\xampp\mysql\bin;C:\Users\yahia\AppData\Roaming\Composer\vendor\bin;C:\Program Files\Zulu\zulu-21\\bin
Check launcher:	C:\Program Files\Zulu\zulu-21\bin\javaw.exe (OK)
Version string: 1.021.000_004 / 64-Bit (OK)
Launcher:	C:\Program Files\Zulu\zulu-21\bin\javaw.exe
Launcher args:	-jar "C:\Users\yahia\Desktop\stock-management-system\stock-management-system\stock-manager\stock-manager-light-theme.exe"
Args length:	121/32768 chars
Exit code:	0


Version:	3.50
CmdLine:	C:\Users\yahia\Desktop\stock-management-system\stock-management-system\stock-manager\stock-manager-dracula-theme.exe --l4j-debug
JNI:		No
WOW64:		Yes
Working dir:	C:\Users\yahia\Desktop\stock-management-system\stock-management-system\stock-manager\.
Requires JDK:	No
Requires 64-Bit: No
Java min ver:	
Java max ver:	
Substitute:	JAVA_HOME = C:\Program Files\Zulu\zulu-21\
Substitute:	PATH = C:\Program Files (x86)\Common Files\Oracle\Java\java8path;C:\Program Files (x86)\Common Files\Oracle\Java\javapath;C:\Program Files\Zulu\zulu-21\bin\;C:\ProgramData\Oracle\Java\javapath;C:\oraclexe\app\oracle\product\11.2.0\server\bin;C:\Windows\system32;C:\Windows;C:\Windows\System32\Wbem;C:\Windows\System32\WindowsPowerShell\v1.0\;C:\Windows\System32\OpenSSH\;C:\Program Files\Git\cmd;C:\Program Files\nodejs\;C:\Program Files\Git\bin;C:\Program Files\CodeBlocks\MinGW\bin;C:\Program Files\PostgreSQL\16\bin;C:\xampp\php;C:\xampp\mysql\bin;C:\Program Files (x86)\Launch4j;C:\Program Files\Git\bin;C:\ProgramData\ComposerSetup\bin;C:\Program Files\Zulu\zulu-21\bin;C:\Users\yahia\AppData\Local\Programs\Python\Python312\Scripts\;C:\Users\yahia\AppData\Local\Programs\Python\Python312\;C:\Users\yahia\AppData\Local\Microsoft\WindowsApps;C:\Users\yahia\AppData\Roaming\npm;C:\Users\yahia\AppData\Local\Programs\Microsoft VS Code\bin;C:\Program Files\Git\bin;C:\Program Files\CodeBlocks\MinGW\bin;C:\Program Files\PostgreSQL\16\bin;C:\xampp\php;C:\xampp\mysql\bin;C:\Users\yahia\AppData\Roaming\Composer\vendor\bin;C:\Program Files\Zulu\zulu-21\\bin
JRE paths:	C:\Program Files\Zulu\zulu-21\;C:\Program Files (x86)\Common Files\Oracle\Java\java8path;C:\Program Files (x86)\Common Files\Oracle\Java\javapath;C:\Program Files\Zulu\zulu-21\bin\;C:\ProgramData\Oracle\Java\javapath;C:\oraclexe\app\oracle\product\11.2.0\server\bin;C:\Windows\system32;C:\Windows;C:\Windows\System32\Wbem;C:\Windows\System32\WindowsPowerShell\v1.0\;C:\Windows\System32\OpenSSH\;C:\Program Files\Git\cmd;C:\Program Files\nodejs\;C:\Program Files\Git\bin;C:\Program Files\CodeBlocks\MinGW\bin;C:\Program Files\PostgreSQL\16\bin;C:\xampp\php;C:\xampp\mysql\bin;C:\Program Files (x86)\Launch4j;C:\Program Files\Git\bin;C:\ProgramData\ComposerSetup\bin;C:\Program Files\Zulu\zulu-21\bin;C:\Users\yahia\AppData\Local\Programs\Python\Python312\Scripts\;C:\Users\yahia\AppData\Local\Programs\Python\Python312\;C:\Users\yahia\AppData\Local\Microsoft\WindowsApps;C:\Users\yahia\AppData\Roaming\npm;C:\Users\yahia\AppData\Local\Programs\Microsoft VS Code\bin;C:\Program Files\Git\bin;C:\Program Files\CodeBlocks\MinGW\bin;C:\Program Files\PostgreSQL\16\bin;C:\xampp\php;C:\xampp\mysql\bin;C:\Users\yahia\AppData\Roaming\Composer\vendor\bin;C:\Program Files\Zulu\zulu-21\\bin
Check launcher:	C:\Program Files\Zulu\zulu-21\bin\javaw.exe (OK)
Version string: 1.021.000_004 / 64-Bit (OK)
Launcher:	C:\Program Files\Zulu\zulu-21\bin\javaw.exe
Launcher args:	-jar "C:\Users\yahia\Desktop\stock-management-system\stock-management-system\stock-manager\stock-manager-dracula-theme.exe"
Args length:	123/32768 chars
Exit code:	0


Version:	3.50
CmdLine:	C:\Users\yahia\Desktop\stock-management-system\stock-management-system\stock-manager\stock-manager-arcorange-light-theme.exe --l4j-debug
JNI:		No
WOW64:		Yes
Working dir:	C:\Users\yahia\Desktop\stock-management-system\stock-management-system\stock-manager\.
Requires JDK:	No
Requires 64-Bit: No
Java min ver:	
Java max ver:	
Substitute:	JAVA_HOME = C:\Program Files\Zulu\zulu-21\
Substitute:	PATH = C:\Program Files (x86)\Common Files\Oracle\Java\java8path;C:\Program Files (x86)\Common Files\Oracle\Java\javapath;C:\Program Files\Zulu\zulu-21\bin\;C:\ProgramData\Oracle\Java\javapath;C:\oraclexe\app\oracle\product\11.2.0\server\bin;C:\Windows\system32;C:\Windows;C:\Windows\System32\Wbem;C:\Windows\System32\WindowsPowerShell\v1.0\;C:\Windows\System32\OpenSSH\;C:\Program Files\Git\cmd;C:\Program Files\nodejs\;C:\Program Files\Git\bin;C:\Program Files\CodeBlocks\MinGW\bin;C:\Program Files\PostgreSQL\16\bin;C:\xampp\php;C:\xampp\mysql\bin;C:\Program Files (x86)\Launch4j;C:\Program Files\Git\bin;C:\ProgramData\ComposerSetup\bin;C:\Program Files\Zulu\zulu-21\bin;C:\Users\yahia\AppData\Local\Programs\Python\Python312\Scripts\;C:\Users\yahia\AppData\Local\Programs\Python\Python312\;C:\Users\yahia\AppData\Local\Microsoft\WindowsApps;C:\Users\yahia\AppData\Roaming\npm;C:\Users\yahia\AppData\Local\Programs\Microsoft VS Code\bin;C:\Program Files\Git\bin;C:\Program Files\CodeBlocks\MinGW\bin;C:\Program Files\PostgreSQL\16\bin;C:\xampp\php;C:\xampp\mysql\bin;C:\Users\yahia\AppData\Roaming\Composer\vendor\bin;C:\Program Files\Zulu\zulu-21\\bin
JRE paths:	C:\Program Files\Zulu\zulu-21\;C:\Program Files (x86)\Common Files\Oracle\Java\java8path;C:\Program Files (x86)\Common Files\Oracle\Java\javapath;C:\Program Files\Zulu\zulu-21\bin\;C:\ProgramData\Oracle\Java\javapath;C:\oraclexe\app\oracle\product\11.2.0\server\bin;C:\Windows\system32;C:\Windows;C:\Windows\System32\Wbem;C:\Windows\System32\WindowsPowerShell\v1.0\;C:\Windows\System32\OpenSSH\;C:\Program Files\Git\cmd;C:\Program Files\nodejs\;C:\Program Files\Git\bin;C:\Program Files\CodeBlocks\MinGW\bin;C:\Program Files\PostgreSQL\16\bin;C:\xampp\php;C:\xampp\mysql\bin;C:\Program Files (x86)\Launch4j;C:\Program Files\Git\bin;C:\ProgramData\ComposerSetup\bin;C:\Program Files\Zulu\zulu-21\bin;C:\Users\yahia\AppData\Local\Programs\Python\Python312\Scripts\;C:\Users\yahia\AppData\Local\Programs\Python\Python312\;C:\Users\yahia\AppData\Local\Microsoft\WindowsApps;C:\Users\yahia\AppData\Roaming\npm;C:\Users\yahia\AppData\Local\Programs\Microsoft VS Code\bin;C:\Program Files\Git\bin;C:\Program Files\CodeBlocks\MinGW\bin;C:\Program Files\PostgreSQL\16\bin;C:\xampp\php;C:\xampp\mysql\bin;C:\Users\yahia\AppData\Roaming\Composer\vendor\bin;C:\Program Files\Zulu\zulu-21\\bin
Check launcher:	C:\Program Files\Zulu\zulu-21\bin\javaw.exe (OK)
Version string: 1.021.000_004 / 64-Bit (OK)
Launcher:	C:\Program Files\Zulu\zulu-21\bin\javaw.exe
Launcher args:	-jar "C:\Users\yahia\Desktop\stock-management-system\stock-management-system\stock-manager\stock-manager-arcorange-light-theme.exe"
Args length:	131/32768 chars
Exit code:	0


Version:	3.50
CmdLine:	C:\Users\yahia\Desktop\stock-management-system\stock-management-system\stock-manager\stock-manager-cyan-light-theme.exe --l4j-debug
JNI:		No
WOW64:		Yes
Working dir:	C:\Users\yahia\Desktop\stock-management-system\stock-management-system\stock-manager\.
Requires JDK:	No
Requires 64-Bit: No
Java min ver:	
Java max ver:	
Substitute:	JAVA_HOME = C:\Program Files\Zulu\zulu-21\
Substitute:	PATH = C:\Program Files (x86)\Common Files\Oracle\Java\java8path;C:\Program Files (x86)\Common Files\Oracle\Java\javapath;C:\Program Files\Zulu\zulu-21\bin\;C:\ProgramData\Oracle\Java\javapath;C:\oraclexe\app\oracle\product\11.2.0\server\bin;C:\Windows\system32;C:\Windows;C:\Windows\System32\Wbem;C:\Windows\System32\WindowsPowerShell\v1.0\;C:\Windows\System32\OpenSSH\;C:\Program Files\Git\cmd;C:\Program Files\nodejs\;C:\Program Files\Git\bin;C:\Program Files\CodeBlocks\MinGW\bin;C:\Program Files\PostgreSQL\16\bin;C:\xampp\php;C:\xampp\mysql\bin;C:\Program Files (x86)\Launch4j;C:\Program Files\Git\bin;C:\ProgramData\ComposerSetup\bin;C:\Program Files\Zulu\zulu-21\bin;C:\Users\yahia\AppData\Local\Programs\Python\Python312\Scripts\;C:\Users\yahia\AppData\Local\Programs\Python\Python312\;C:\Users\yahia\AppData\Local\Microsoft\WindowsApps;C:\Users\yahia\AppData\Roaming\npm;C:\Users\yahia\AppData\Local\Programs\Microsoft VS Code\bin;C:\Program Files\Git\bin;C:\Program Files\CodeBlocks\MinGW\bin;C:\Program Files\PostgreSQL\16\bin;C:\xampp\php;C:\xampp\mysql\bin;C:\Users\yahia\AppData\Roaming\Composer\vendor\bin;C:\Program Files\Zulu\zulu-21\\bin
JRE paths:	C:\Program Files\Zulu\zulu-21\;C:\Program Files (x86)\Common Files\Oracle\Java\java8path;C:\Program Files (x86)\Common Files\Oracle\Java\javapath;C:\Program Files\Zulu\zulu-21\bin\;C:\ProgramData\Oracle\Java\javapath;C:\oraclexe\app\oracle\product\11.2.0\server\bin;C:\Windows\system32;C:\Windows;C:\Windows\System32\Wbem;C:\Windows\System32\WindowsPowerShell\v1.0\;C:\Windows\System32\OpenSSH\;C:\Program Files\Git\cmd;C:\Program Files\nodejs\;C:\Program Files\Git\bin;C:\Program Files\CodeBlocks\MinGW\bin;C:\Program Files\PostgreSQL\16\bin;C:\xampp\php;C:\xampp\mysql\bin;C:\Program Files (x86)\Launch4j;C:\Program Files\Git\bin;C:\ProgramData\ComposerSetup\bin;C:\Program Files\Zulu\zulu-21\bin;C:\Users\yahia\AppData\Local\Programs\Python\Python312\Scripts\;C:\Users\yahia\AppData\Local\Programs\Python\Python312\;C:\Users\yahia\AppData\Local\Microsoft\WindowsApps;C:\Users\yahia\AppData\Roaming\npm;C:\Users\yahia\AppData\Local\Programs\Microsoft VS Code\bin;C:\Program Files\Git\bin;C:\Program Files\CodeBlocks\MinGW\bin;C:\Program Files\PostgreSQL\16\bin;C:\xampp\php;C:\xampp\mysql\bin;C:\Users\yahia\AppData\Roaming\Composer\vendor\bin;C:\Program Files\Zulu\zulu-21\\bin
Check launcher:	C:\Program Files\Zulu\zulu-21\bin\javaw.exe (OK)
Version string: 1.021.000_004 / 64-Bit (OK)
Launcher:	C:\Program Files\Zulu\zulu-21\bin\javaw.exe
Launcher args:	-jar "C:\Users\yahia\Desktop\stock-management-system\stock-management-system\stock-manager\stock-manager-cyan-light-theme.exe"
Args length:	126/32768 chars
Exit code:	0


Version:	3.50
CmdLine:	C:\Users\yahia\Desktop\stock-management-system\stock-management-system\stock-manager\stock-manager-dark-purple-theme.exe --l4j-debug
JNI:		No
WOW64:		Yes
Working dir:	C:\Users\yahia\Desktop\stock-management-system\stock-management-system\stock-manager\.
Requires JDK:	No
Requires 64-Bit: No
Java min ver:	
Java max ver:	
Substitute:	JAVA_HOME = C:\Program Files\Zulu\zulu-21\
Substitute:	PATH = C:\Program Files (x86)\Common Files\Oracle\Java\java8path;C:\Program Files (x86)\Common Files\Oracle\Java\javapath;C:\Program Files\Zulu\zulu-21\bin\;C:\ProgramData\Oracle\Java\javapath;C:\oraclexe\app\oracle\product\11.2.0\server\bin;C:\Windows\system32;C:\Windows;C:\Windows\System32\Wbem;C:\Windows\System32\WindowsPowerShell\v1.0\;C:\Windows\System32\OpenSSH\;C:\Program Files\Git\cmd;C:\Program Files\nodejs\;C:\Program Files\Git\bin;C:\Program Files\CodeBlocks\MinGW\bin;C:\Program Files\PostgreSQL\16\bin;C:\xampp\php;C:\xampp\mysql\bin;C:\Program Files (x86)\Launch4j;C:\Program Files\Git\bin;C:\ProgramData\ComposerSetup\bin;C:\Program Files\Zulu\zulu-21\bin;C:\Users\yahia\AppData\Local\Programs\Python\Python312\Scripts\;C:\Users\yahia\AppData\Local\Programs\Python\Python312\;C:\Users\yahia\AppData\Local\Microsoft\WindowsApps;C:\Users\yahia\AppData\Roaming\npm;C:\Users\yahia\AppData\Local\Programs\Microsoft VS Code\bin;C:\Program Files\Git\bin;C:\Program Files\CodeBlocks\MinGW\bin;C:\Program Files\PostgreSQL\16\bin;C:\xampp\php;C:\xampp\mysql\bin;C:\Users\yahia\AppData\Roaming\Composer\vendor\bin;C:\Program Files\Zulu\zulu-21\\bin
JRE paths:	C:\Program Files\Zulu\zulu-21\;C:\Program Files (x86)\Common Files\Oracle\Java\java8path;C:\Program Files (x86)\Common Files\Oracle\Java\javapath;C:\Program Files\Zulu\zulu-21\bin\;C:\ProgramData\Oracle\Java\javapath;C:\oraclexe\app\oracle\product\11.2.0\server\bin;C:\Windows\system32;C:\Windows;C:\Windows\System32\Wbem;C:\Windows\System32\WindowsPowerShell\v1.0\;C:\Windows\System32\OpenSSH\;C:\Program Files\Git\cmd;C:\Program Files\nodejs\;C:\Program Files\Git\bin;C:\Program Files\CodeBlocks\MinGW\bin;C:\Program Files\PostgreSQL\16\bin;C:\xampp\php;C:\xampp\mysql\bin;C:\Program Files (x86)\Launch4j;C:\Program Files\Git\bin;C:\ProgramData\ComposerSetup\bin;C:\Program Files\Zulu\zulu-21\bin;C:\Users\yahia\AppData\Local\Programs\Python\Python312\Scripts\;C:\Users\yahia\AppData\Local\Programs\Python\Python312\;C:\Users\yahia\AppData\Local\Microsoft\WindowsApps;C:\Users\yahia\AppData\Roaming\npm;C:\Users\yahia\AppData\Local\Programs\Microsoft VS Code\bin;C:\Program Files\Git\bin;C:\Program Files\CodeBlocks\MinGW\bin;C:\Program Files\PostgreSQL\16\bin;C:\xampp\php;C:\xampp\mysql\bin;C:\Users\yahia\AppData\Roaming\Composer\vendor\bin;C:\Program Files\Zulu\zulu-21\\bin
Check launcher:	C:\Program Files\Zulu\zulu-21\bin\javaw.exe (OK)
Version string: 1.021.000_004 / 64-Bit (OK)
Launcher:	C:\Program Files\Zulu\zulu-21\bin\javaw.exe
Launcher args:	-jar "C:\Users\yahia\Desktop\stock-management-system\stock-management-system\stock-manager\stock-manager-dark-purple-theme.exe"
Args length:	127/32768 chars
Exit code:	0


Version:	3.50
CmdLine:	C:\Users\yahia\Desktop\stock-management-system\stock-management-system\stock-manager\stock-manager-gradianto-nature-green.exe --l4j-debug
JNI:		No
WOW64:		Yes
Working dir:	C:\Users\yahia\Desktop\stock-management-system\stock-management-system\stock-manager\.
Requires JDK:	No
Requires 64-Bit: No
Java min ver:	
Java max ver:	
Substitute:	JAVA_HOME = C:\Program Files\Zulu\zulu-21\
Substitute:	PATH = C:\Program Files (x86)\Common Files\Oracle\Java\java8path;C:\Program Files (x86)\Common Files\Oracle\Java\javapath;C:\Program Files\Zulu\zulu-21\bin\;C:\ProgramData\Oracle\Java\javapath;C:\oraclexe\app\oracle\product\11.2.0\server\bin;C:\Windows\system32;C:\Windows;C:\Windows\System32\Wbem;C:\Windows\System32\WindowsPowerShell\v1.0\;C:\Windows\System32\OpenSSH\;C:\Program Files\Git\cmd;C:\Program Files\nodejs\;C:\Program Files\Git\bin;C:\Program Files\CodeBlocks\MinGW\bin;C:\Program Files\PostgreSQL\16\bin;C:\xampp\php;C:\xampp\mysql\bin;C:\Program Files (x86)\Launch4j;C:\Program Files\Git\bin;C:\ProgramData\ComposerSetup\bin;C:\Program Files\Zulu\zulu-21\bin;C:\Users\yahia\AppData\Local\Programs\Python\Python312\Scripts\;C:\Users\yahia\AppData\Local\Programs\Python\Python312\;C:\Users\yahia\AppData\Local\Microsoft\WindowsApps;C:\Users\yahia\AppData\Roaming\npm;C:\Users\yahia\AppData\Local\Programs\Microsoft VS Code\bin;C:\Program Files\Git\bin;C:\Program Files\CodeBlocks\MinGW\bin;C:\Program Files\PostgreSQL\16\bin;C:\xampp\php;C:\xampp\mysql\bin;C:\Users\yahia\AppData\Roaming\Composer\vendor\bin;C:\Program Files\Zulu\zulu-21\\bin
JRE paths:	C:\Program Files\Zulu\zulu-21\;C:\Program Files (x86)\Common Files\Oracle\Java\java8path;C:\Program Files (x86)\Common Files\Oracle\Java\javapath;C:\Program Files\Zulu\zulu-21\bin\;C:\ProgramData\Oracle\Java\javapath;C:\oraclexe\app\oracle\product\11.2.0\server\bin;C:\Windows\system32;C:\Windows;C:\Windows\System32\Wbem;C:\Windows\System32\WindowsPowerShell\v1.0\;C:\Windows\System32\OpenSSH\;C:\Program Files\Git\cmd;C:\Program Files\nodejs\;C:\Program Files\Git\bin;C:\Program Files\CodeBlocks\MinGW\bin;C:\Program Files\PostgreSQL\16\bin;C:\xampp\php;C:\xampp\mysql\bin;C:\Program Files (x86)\Launch4j;C:\Program Files\Git\bin;C:\ProgramData\ComposerSetup\bin;C:\Program Files\Zulu\zulu-21\bin;C:\Users\yahia\AppData\Local\Programs\Python\Python312\Scripts\;C:\Users\yahia\AppData\Local\Programs\Python\Python312\;C:\Users\yahia\AppData\Local\Microsoft\WindowsApps;C:\Users\yahia\AppData\Roaming\npm;C:\Users\yahia\AppData\Local\Programs\Microsoft VS Code\bin;C:\Program Files\Git\bin;C:\Program Files\CodeBlocks\MinGW\bin;C:\Program Files\PostgreSQL\16\bin;C:\xampp\php;C:\xampp\mysql\bin;C:\Users\yahia\AppData\Roaming\Composer\vendor\bin;C:\Program Files\Zulu\zulu-21\\bin
Check launcher:	C:\Program Files\Zulu\zulu-21\bin\javaw.exe (OK)
Version string: 1.021.000_004 / 64-Bit (OK)
Launcher:	C:\Program Files\Zulu\zulu-21\bin\javaw.exe
Launcher args:	-jar "C:\Users\yahia\Desktop\stock-management-system\stock-management-system\stock-manager\stock-manager-gradianto-nature-green.exe"
Args length:	132/32768 chars
Exit code:	0


Version:	3.50
CmdLine:	C:\Users\yahia\Desktop\stock-management-system\stock-management-system\stock-manager\stock-manager-solarized-dark-theme.exe --l4j-debug
JNI:		No
WOW64:		Yes
Working dir:	C:\Users\yahia\Desktop\stock-management-system\stock-management-system\stock-manager\.
Requires JDK:	No
Requires 64-Bit: No
Java min ver:	
Java max ver:	
Substitute:	JAVA_HOME = C:\Program Files\Zulu\zulu-21\
Substitute:	PATH = C:\Program Files (x86)\Common Files\Oracle\Java\java8path;C:\Program Files (x86)\Common Files\Oracle\Java\javapath;C:\Program Files\Zulu\zulu-21\bin\;C:\ProgramData\Oracle\Java\javapath;C:\oraclexe\app\oracle\product\11.2.0\server\bin;C:\Windows\system32;C:\Windows;C:\Windows\System32\Wbem;C:\Windows\System32\WindowsPowerShell\v1.0\;C:\Windows\System32\OpenSSH\;C:\Program Files\Git\cmd;C:\Program Files\nodejs\;C:\Program Files\Git\bin;C:\Program Files\CodeBlocks\MinGW\bin;C:\Program Files\PostgreSQL\16\bin;C:\xampp\php;C:\xampp\mysql\bin;C:\Program Files (x86)\Launch4j;C:\Program Files\Git\bin;C:\ProgramData\ComposerSetup\bin;C:\Program Files\Zulu\zulu-21\bin;C:\Users\yahia\AppData\Local\Programs\Python\Python312\Scripts\;C:\Users\yahia\AppData\Local\Programs\Python\Python312\;C:\Users\yahia\AppData\Local\Microsoft\WindowsApps;C:\Users\yahia\AppData\Roaming\npm;C:\Users\yahia\AppData\Local\Programs\Microsoft VS Code\bin;C:\Program Files\Git\bin;C:\Program Files\CodeBlocks\MinGW\bin;C:\Program Files\PostgreSQL\16\bin;C:\xampp\php;C:\xampp\mysql\bin;C:\Users\yahia\AppData\Roaming\Composer\vendor\bin;C:\Program Files\Zulu\zulu-21\\bin
JRE paths:	C:\Program Files\Zulu\zulu-21\;C:\Program Files (x86)\Common Files\Oracle\Java\java8path;C:\Program Files (x86)\Common Files\Oracle\Java\javapath;C:\Program Files\Zulu\zulu-21\bin\;C:\ProgramData\Oracle\Java\javapath;C:\oraclexe\app\oracle\product\11.2.0\server\bin;C:\Windows\system32;C:\Windows;C:\Windows\System32\Wbem;C:\Windows\System32\WindowsPowerShell\v1.0\;C:\Windows\System32\OpenSSH\;C:\Program Files\Git\cmd;C:\Program Files\nodejs\;C:\Program Files\Git\bin;C:\Program Files\CodeBlocks\MinGW\bin;C:\Program Files\PostgreSQL\16\bin;C:\xampp\php;C:\xampp\mysql\bin;C:\Program Files (x86)\Launch4j;C:\Program Files\Git\bin;C:\ProgramData\ComposerSetup\bin;C:\Program Files\Zulu\zulu-21\bin;C:\Users\yahia\AppData\Local\Programs\Python\Python312\Scripts\;C:\Users\yahia\AppData\Local\Programs\Python\Python312\;C:\Users\yahia\AppData\Local\Microsoft\WindowsApps;C:\Users\yahia\AppData\Roaming\npm;C:\Users\yahia\AppData\Local\Programs\Microsoft VS Code\bin;C:\Program Files\Git\bin;C:\Program Files\CodeBlocks\MinGW\bin;C:\Program Files\PostgreSQL\16\bin;C:\xampp\php;C:\xampp\mysql\bin;C:\Users\yahia\AppData\Roaming\Composer\vendor\bin;C:\Program Files\Zulu\zulu-21\\bin
Check launcher:	C:\Program Files\Zulu\zulu-21\bin\javaw.exe (OK)
Version string: 1.021.000_004 / 64-Bit (OK)
Launcher:	C:\Program Files\Zulu\zulu-21\bin\javaw.exe
Launcher args:	-jar "C:\Users\yahia\Desktop\stock-management-system\stock-management-system\stock-manager\stock-manager-solarized-dark-theme.exe"
Args length:	130/32768 chars
Exit code:	0


Version:	3.50
CmdLine:	C:\Users\yahia\Desktop\stock-management-system\stock-management-system\stock-manager\stock-manager.exe --l4j-debug
JNI:		No
WOW64:		Yes
Working dir:	C:\Users\yahia\Desktop\stock-management-system\stock-management-system\stock-manager\.
Requires JDK:	No
Requires 64-Bit: No
Java min ver:	
Java max ver:	
Substitute:	JAVA_HOME = C:\Program Files\Zulu\zulu-21\
Substitute:	PATH = C:\Program Files (x86)\Common Files\Oracle\Java\java8path;C:\Program Files (x86)\Common Files\Oracle\Java\javapath;C:\Program Files\Zulu\zulu-21\bin\;C:\ProgramData\Oracle\Java\javapath;C:\oraclexe\app\oracle\product\11.2.0\server\bin;C:\Windows\system32;C:\Windows;C:\Windows\System32\Wbem;C:\Windows\System32\WindowsPowerShell\v1.0\;C:\Windows\System32\OpenSSH\;C:\Program Files\Git\cmd;C:\Program Files\nodejs\;C:\Program Files\Git\bin;C:\Program Files\CodeBlocks\MinGW\bin;C:\Program Files\PostgreSQL\16\bin;C:\xampp\php;C:\xampp\mysql\bin;C:\Program Files (x86)\Launch4j;C:\Program Files\Git\bin;C:\ProgramData\ComposerSetup\bin;C:\Program Files\Zulu\zulu-21\bin;C:\Users\yahia\AppData\Local\Programs\Python\Python312\Scripts\;C:\Users\yahia\AppData\Local\Programs\Python\Python312\;C:\Users\yahia\AppData\Local\Microsoft\WindowsApps;C:\Users\yahia\AppData\Roaming\npm;C:\Users\yahia\AppData\Local\Programs\Microsoft VS Code\bin;C:\Program Files\Git\bin;C:\Program Files\CodeBlocks\MinGW\bin;C:\Program Files\PostgreSQL\16\bin;C:\xampp\php;C:\xampp\mysql\bin;C:\Users\yahia\AppData\Roaming\Composer\vendor\bin;C:\Program Files\Zulu\zulu-21\\bin
JRE paths:	C:\Program Files\Zulu\zulu-21\;C:\Program Files (x86)\Common Files\Oracle\Java\java8path;C:\Program Files (x86)\Common Files\Oracle\Java\javapath;C:\Program Files\Zulu\zulu-21\bin\;C:\ProgramData\Oracle\Java\javapath;C:\oraclexe\app\oracle\product\11.2.0\server\bin;C:\Windows\system32;C:\Windows;C:\Windows\System32\Wbem;C:\Windows\System32\WindowsPowerShell\v1.0\;C:\Windows\System32\OpenSSH\;C:\Program Files\Git\cmd;C:\Program Files\nodejs\;C:\Program Files\Git\bin;C:\Program Files\CodeBlocks\MinGW\bin;C:\Program Files\PostgreSQL\16\bin;C:\xampp\php;C:\xampp\mysql\bin;C:\Program Files (x86)\Launch4j;C:\Program Files\Git\bin;C:\ProgramData\ComposerSetup\bin;C:\Program Files\Zulu\zulu-21\bin;C:\Users\yahia\AppData\Local\Programs\Python\Python312\Scripts\;C:\Users\yahia\AppData\Local\Programs\Python\Python312\;C:\Users\yahia\AppData\Local\Microsoft\WindowsApps;C:\Users\yahia\AppData\Roaming\npm;C:\Users\yahia\AppData\Local\Programs\Microsoft VS Code\bin;C:\Program Files\Git\bin;C:\Program Files\CodeBlocks\MinGW\bin;C:\Program Files\PostgreSQL\16\bin;C:\xampp\php;C:\xampp\mysql\bin;C:\Users\yahia\AppData\Roaming\Composer\vendor\bin;C:\Program Files\Zulu\zulu-21\\bin
Check launcher:	C:\Program Files\Zulu\zulu-21\bin\javaw.exe (OK)
Version string: 1.021.000_004 / 64-Bit (OK)
Launcher:	C:\Program Files\Zulu\zulu-21\bin\javaw.exe
Launcher args:	-jar "C:\Users\yahia\Desktop\stock-management-system\stock-management-system\stock-manager\stock-manager.exe"
Args length:	109/32768 chars
Exit code:	0
